<?xml version="1.0" encoding="UTF-8"?>
<!-- Generated by org.testng.reporters.JUnitReportReporter -->
<testsuite skipped="0" hostname="Ceroshs-MacBook-Pro.local" name="tests.LoginTests" tests="2" failures="0" timestamp="13 Jun 2018 11:36:28 GMT" time="19.587" errors="0">
  <testcase name="invalidLoginTest_EmptyUserEmptyPassword" time="17.493" classname="tests.LoginTests"/>
  <testcase name="invalidLoginTest_InvalidUserNameInvalidPassword" time="2.094" classname="tests.LoginTests"/>
</testsuite> <!-- tests.LoginTests -->
